2026-02-08 15:32:57,529 - __main__ - INFO - Starting continuous data collection every 600 seconds
2026-02-08 15:32:57,530 - __main__ - INFO - Starting data collection...
2026-02-08 15:32:59,596 - __main__ - INFO - Created new data file: data/raw/weather_accra.csv
2026-02-08 15:32:59,596 - __main__ - INFO - Data collected successfully - Temp: 33.23°C, Humidity: 58%, Rain: 0mm
2026-02-08 15:42:59,597 - __main__ - INFO - Starting data collection...
2026-02-08 15:43:01,641 - __main__ - INFO - Data collected successfully - Temp: 33.23°C, Humidity: 58%, Rain: 0mm
2026-02-08 15:53:01,642 - __main__ - INFO - Starting data collection...
2026-02-08 15:53:02,631 - __main__ - INFO - Data collected successfully - Temp: 33.23°C, Humidity: 58%, Rain: 0mm
2026-02-08 16:03:02,633 - __main__ - INFO - Starting data collection...
2026-02-08 16:03:03,771 - __main__ - INFO - Data collected successfully - Temp: 33.23°C, Humidity: 58%, Rain: 0mm
2026-02-08 16:13:03,772 - __main__ - INFO - Starting data collection...
2026-02-08 16:13:05,014 - __main__ - INFO - Data collected successfully - Temp: 29.27°C, Humidity: 72%, Rain: 0mm
2026-02-08 16:23:05,016 - __main__ - INFO - Starting data collection...
2026-02-08 16:23:06,003 - __main__ - INFO - Data collected successfully - Temp: 32.23°C, Humidity: 66%, Rain: 0mm
2026-02-08 16:33:06,004 - __main__ - INFO - Starting data collection...
2026-02-08 16:33:07,161 - __main__ - INFO - Data collected successfully - Temp: 32.23°C, Humidity: 66%, Rain: 0mm
2026-02-08 16:43:07,162 - __main__ - INFO - Starting data collection...
2026-02-08 16:43:08,133 - __main__ - INFO - Data collected successfully - Temp: 32.23°C, Humidity: 66%, Rain: 0mm
2026-02-08 16:53:08,134 - __main__ - INFO - Starting data collection...
2026-02-08 16:53:09,027 - __main__ - INFO - Data collected successfully - Temp: 32.23°C, Humidity: 66%, Rain: 0mm
2026-02-08 17:03:09,029 - __main__ - INFO - Starting data collection...
2026-02-08 17:03:10,067 - __main__ - INFO - Data collected successfully - Temp: 32.23°C, Humidity: 66%, Rain: 0mm
2026-02-08 17:13:10,068 - __main__ - INFO - Starting data collection...
2026-02-08 17:13:11,151 - __main__ - INFO - Data collected successfully - Temp: 28.66°C, Humidity: 74%, Rain: 0mm
2026-02-08 17:23:11,152 - __main__ - INFO - Starting data collection...
2026-02-08 17:23:12,674 - __main__ - INFO - Data collected successfully - Temp: 31.23°C, Humidity: 66%, Rain: 0mm
2026-02-08 17:33:12,675 - __main__ - INFO - Starting data collection...
2026-02-08 17:33:13,842 - __main__ - INFO - Data collected successfully - Temp: 31.23°C, Humidity: 66%, Rain: 0mm
2026-02-08 17:43:13,843 - __main__ - INFO - Starting data collection...
2026-02-08 17:43:14,840 - __main__ - INFO - Data collected successfully - Temp: 31.23°C, Humidity: 66%, Rain: 0mm
2026-02-08 17:53:14,841 - __main__ - INFO - Starting data collection...
2026-02-08 17:53:15,835 - __main__ - INFO - Data collected successfully - Temp: 31.23°C, Humidity: 66%, Rain: 0mm
2026-02-08 18:03:15,837 - __main__ - INFO - Starting data collection...
2026-02-08 18:03:18,407 - __main__ - INFO - Data collected successfully - Temp: 31.23°C, Humidity: 66%, Rain: 0mm
2026-02-08 18:16:12,843 - __main__ - INFO - Starting data collection...
2026-02-08 18:16:13,893 - __main__ - INFO - Data collected successfully - Temp: 31.23°C, Humidity: 70%, Rain: 0mm
2026-02-08 18:26:13,895 - __main__ - INFO - Starting data collection...
2026-02-08 18:26:15,026 - __main__ - INFO - Data collected successfully - Temp: 31.23°C, Humidity: 70%, Rain: 0mm
2026-02-08 18:36:15,027 - __main__ - INFO - Starting data collection...
2026-02-08 18:36:15,961 - __main__ - INFO - Data collected successfully - Temp: 31.23°C, Humidity: 70%, Rain: 0mm
2026-02-08 18:46:15,962 - __main__ - INFO - Starting data collection...
2026-02-08 18:46:17,161 - __main__ - INFO - Data collected successfully - Temp: 31.23°C, Humidity: 70%, Rain: 0mm
2026-02-08 18:56:17,162 - __main__ - INFO - Starting data collection...
2026-02-08 18:56:19,483 - __main__ - INFO - Data collected successfully - Temp: 31.23°C, Humidity: 70%, Rain: 0mm
2026-02-08 19:06:19,484 - __main__ - INFO - Starting data collection...
2026-02-08 19:06:20,358 - __main__ - INFO - Data collected successfully - Temp: 31.23°C, Humidity: 70%, Rain: 0mm
2026-02-08 22:29:14,150 - __main__ - INFO - Starting data collection...
2026-02-08 22:29:18,251 - __main__ - INFO - Data collected successfully - Temp: 29.23°C, Humidity: 84%, Rain: 0mm
2026-02-08 22:31:47,110 - __main__ - INFO - Data collection stopped by user
2026-02-08 22:32:16,843 - __main__ - INFO - Starting data preprocessing...
2026-02-08 22:32:16,897 - __main__ - INFO - Loaded 23 rows from data/raw/weather_accra.csv
2026-02-08 22:32:16,898 - __main__ - INFO - Raw data shape: (23, 11)
2026-02-08 22:32:16,981 - __main__ - INFO - Created target variable. Rain samples: 0, No rain samples: 23
2026-02-08 22:32:17,030 - __main__ - INFO - Selected 29 features for modeling
2026-02-08 22:32:17,034 - __main__ - INFO - Processed data shape: (23, 30)
2026-02-08 22:32:17,042 - __main__ - INFO - Saved processed data to data/processed/weather_features.csv
2026-02-08 22:45:53,134 - __main__ - INFO - ============================================================
2026-02-08 22:45:53,134 - __main__ - INFO - Starting model training pipeline
2026-02-08 22:45:53,135 - __main__ - INFO - ============================================================
2026-02-08 22:45:53,139 - __main__ - INFO - Loaded processed data: (23, 30)
2026-02-08 22:45:53,140 - __main__ - WARNING - Insufficient data: 23 rows < 100 required
2026-02-08 22:45:53,140 - __main__ - ERROR - Cannot proceed with training: No data available
2026-02-09 08:20:32,266 - __main__ - INFO - Starting continuous data collection every 600 seconds
2026-02-09 08:20:32,274 - __main__ - INFO - Starting data collection...
2026-02-09 08:20:34,097 - __main__ - INFO - Data collected successfully - Temp: 29.23°C, Humidity: 84%, Rain: 0mm
2026-02-09 08:30:34,099 - __main__ - INFO - Starting data collection...
2026-02-09 08:30:35,741 - __main__ - INFO - Data collected successfully - Temp: 29.23°C, Humidity: 84%, Rain: 0mm
2026-02-09 08:40:35,744 - __main__ - INFO - Starting data collection...
2026-02-09 08:40:38,456 - __main__ - INFO - Data collected successfully - Temp: 29.23°C, Humidity: 84%, Rain: 0mm
2026-02-09 08:50:38,459 - __main__ - INFO - Starting data collection...
2026-02-09 08:50:41,452 - __main__ - INFO - Data collected successfully - Temp: 29.23°C, Humidity: 84%, Rain: 0mm
2026-02-09 09:00:41,454 - __main__ - INFO - Starting data collection...
2026-02-09 09:00:43,811 - __main__ - INFO - Data collected successfully - Temp: 29.23°C, Humidity: 84%, Rain: 0mm
2026-02-09 09:10:43,816 - __main__ - INFO - Starting data collection...
2026-02-09 09:10:45,642 - __main__ - INFO - Data collected successfully - Temp: 28.28°C, Humidity: 76%, Rain: 0mm
2026-02-09 09:20:45,646 - __main__ - INFO - Starting data collection...
2026-02-09 09:20:47,295 - __main__ - INFO - Data collected successfully - Temp: 29.23°C, Humidity: 84%, Rain: 0mm
2026-02-09 11:25:29,828 - __main__ - INFO - Starting continuous data collection every 600 seconds
2026-02-09 11:25:29,829 - __main__ - INFO - Starting data collection...
2026-02-09 11:25:29,842 - __main__ - ERROR - Connection error (attempt 1/3)
2026-02-09 11:25:34,845 - __main__ - ERROR - Connection error (attempt 2/3)
2026-02-09 11:25:39,847 - __main__ - ERROR - Connection error (attempt 3/3)
2026-02-09 11:25:39,847 - __main__ - WARNING - Failed to fetch weather data, skipping this cycle
2026-02-09 11:31:04,697 - __main__ - INFO - Starting continuous data collection every 600 seconds
2026-02-09 11:31:04,698 - __main__ - INFO - Starting data collection...
2026-02-09 11:31:04,712 - __main__ - ERROR - Connection error (attempt 1/3)
2026-02-09 11:31:09,715 - __main__ - ERROR - Connection error (attempt 2/3)
2026-02-09 11:31:14,718 - __main__ - ERROR - Connection error (attempt 3/3)
2026-02-09 11:31:14,719 - __main__ - WARNING - Failed to fetch weather data, skipping this cycle
2026-02-09 11:31:40,173 - __main__ - INFO - Starting data collection...
2026-02-09 11:31:40,186 - __main__ - ERROR - Connection error (attempt 1/3)
2026-02-09 11:31:45,198 - __main__ - ERROR - Connection error (attempt 2/3)
2026-02-09 11:31:50,201 - __main__ - ERROR - Connection error (attempt 3/3)
2026-02-09 11:31:50,202 - __main__ - WARNING - Failed to fetch weather data, skipping this cycle
2026-02-09 11:35:39,848 - __main__ - INFO - Starting data collection...
2026-02-09 11:35:39,851 - __main__ - ERROR - Connection error (attempt 1/3)
2026-02-09 11:35:44,855 - __main__ - ERROR - Connection error (attempt 2/3)
2026-02-09 11:35:49,865 - __main__ - ERROR - Connection error (attempt 3/3)
2026-02-09 11:35:49,866 - __main__ - WARNING - Failed to fetch weather data, skipping this cycle
2026-02-09 11:41:14,720 - __main__ - INFO - Starting data collection...
2026-02-09 11:41:14,726 - __main__ - ERROR - Connection error (attempt 1/3)
2026-02-09 11:41:19,729 - __main__ - ERROR - Connection error (attempt 2/3)
2026-02-09 11:41:24,735 - __main__ - ERROR - Connection error (attempt 3/3)
2026-02-09 11:41:24,736 - __main__ - WARNING - Failed to fetch weather data, skipping this cycle
2026-02-09 11:41:50,202 - __main__ - INFO - Starting data collection...
2026-02-09 11:41:50,206 - __main__ - ERROR - Connection error (attempt 1/3)
2026-02-09 11:41:55,213 - __main__ - ERROR - Connection error (attempt 2/3)
2026-02-09 11:42:00,216 - __main__ - ERROR - Connection error (attempt 3/3)
2026-02-09 11:42:00,217 - __main__ - WARNING - Failed to fetch weather data, skipping this cycle
2026-02-09 11:45:49,867 - __main__ - INFO - Starting data collection...
2026-02-09 11:45:49,890 - __main__ - ERROR - Connection error (attempt 1/3)
2026-02-09 11:45:54,895 - __main__ - ERROR - Connection error (attempt 2/3)
2026-02-09 11:45:59,898 - __main__ - ERROR - Connection error (attempt 3/3)
2026-02-09 11:45:59,899 - __main__ - WARNING - Failed to fetch weather data, skipping this cycle
2026-02-09 11:51:24,739 - __main__ - INFO - Starting data collection...
2026-02-09 11:51:24,741 - __main__ - ERROR - Connection error (attempt 1/3)
2026-02-09 11:51:29,744 - __main__ - ERROR - Connection error (attempt 2/3)
2026-02-09 11:51:34,748 - __main__ - ERROR - Connection error (attempt 3/3)
2026-02-09 11:51:34,748 - __main__ - WARNING - Failed to fetch weather data, skipping this cycle
2026-02-09 11:52:00,217 - __main__ - INFO - Starting data collection...
2026-02-09 11:52:00,221 - __main__ - ERROR - Connection error (attempt 1/3)
2026-02-09 11:52:05,225 - __main__ - ERROR - Connection error (attempt 2/3)
2026-02-09 11:52:10,228 - __main__ - ERROR - Connection error (attempt 3/3)
2026-02-09 11:52:10,229 - __main__ - WARNING - Failed to fetch weather data, skipping this cycle
2026-02-09 11:55:59,900 - __main__ - INFO - Starting data collection...
2026-02-09 11:56:11,953 - __main__ - ERROR - Connection error (attempt 1/3)
2026-02-09 11:56:16,958 - __main__ - ERROR - Connection error (attempt 2/3)
2026-02-09 11:56:47,429 - __main__ - ERROR - API request timeout (attempt 3/3)
2026-02-09 11:56:47,429 - __main__ - WARNING - Failed to fetch weather data, skipping this cycle
2026-02-09 12:01:34,749 - __main__ - INFO - Starting data collection...
2026-02-09 12:01:34,758 - __main__ - ERROR - Connection error (attempt 1/3)
2026-02-09 12:01:39,762 - __main__ - ERROR - Connection error (attempt 2/3)
2026-02-09 12:01:44,765 - __main__ - ERROR - Connection error (attempt 3/3)
2026-02-09 12:01:44,766 - __main__ - WARNING - Failed to fetch weather data, skipping this cycle
2026-02-09 12:02:10,230 - __main__ - INFO - Starting data collection...
2026-02-09 12:02:10,232 - __main__ - ERROR - Connection error (attempt 1/3)
2026-02-09 12:02:15,235 - __main__ - ERROR - Connection error (attempt 2/3)
2026-02-09 12:02:20,242 - __main__ - ERROR - Connection error (attempt 3/3)
2026-02-09 12:02:20,244 - __main__ - WARNING - Failed to fetch weather data, skipping this cycle
2026-02-09 12:06:47,431 - __main__ - INFO - Starting data collection...
2026-02-09 12:06:47,441 - __main__ - ERROR - Connection error (attempt 1/3)
2026-02-09 12:06:52,450 - __main__ - ERROR - Connection error (attempt 2/3)
2026-02-09 12:06:57,459 - __main__ - ERROR - Connection error (attempt 3/3)
2026-02-09 12:06:57,460 - __main__ - WARNING - Failed to fetch weather data, skipping this cycle
2026-02-09 12:11:46,268 - __main__ - INFO - Starting data collection...
2026-02-09 12:11:47,627 - __main__ - INFO - Data collected successfully - Temp: 29.48°C, Humidity: 72%, Rain: 0mm
2026-02-09 12:12:21,746 - __main__ - INFO - Starting data collection...
2026-02-09 12:12:22,788 - __main__ - INFO - Data collected successfully - Temp: 29.48°C, Humidity: 72%, Rain: 0mm
2026-02-09 12:36:59,807 - __main__ - INFO - Starting data collection...
2026-02-09 12:37:02,022 - __main__ - INFO - Data collected successfully - Temp: 33.23°C, Humidity: 66%, Rain: 0mm
2026-02-09 12:41:48,472 - __main__ - INFO - Starting data collection...
2026-02-09 12:41:50,802 - __main__ - INFO - Data collected successfully - Temp: 33.23°C, Humidity: 66%, Rain: 0mm
2026-02-09 12:42:23,634 - __main__ - INFO - Starting data collection...
2026-02-09 12:42:25,666 - __main__ - INFO - Data collected successfully - Temp: 33.23°C, Humidity: 66%, Rain: 0mm
2026-02-09 12:47:02,026 - __main__ - INFO - Starting data collection...
2026-02-09 12:47:05,075 - __main__ - INFO - Data collected successfully - Temp: 33.23°C, Humidity: 66%, Rain: 0mm
2026-02-09 12:51:50,808 - __main__ - INFO - Starting data collection...
2026-02-09 12:51:54,511 - __main__ - INFO - Data collected successfully - Temp: 33.23°C, Humidity: 66%, Rain: 0mm
2026-02-09 12:52:25,668 - __main__ - INFO - Starting data collection...
2026-02-09 12:52:28,533 - __main__ - INFO - Data collected successfully - Temp: 33.23°C, Humidity: 66%, Rain: 0mm
2026-02-09 12:57:05,078 - __main__ - INFO - Starting data collection...
2026-02-09 12:57:07,131 - __main__ - INFO - Data collected successfully - Temp: 33.23°C, Humidity: 66%, Rain: 0mm
2026-02-09 13:01:54,514 - __main__ - INFO - Starting data collection...
2026-02-09 13:01:57,433 - __main__ - INFO - Data collected successfully - Temp: 33.23°C, Humidity: 66%, Rain: 0mm
2026-02-09 13:02:28,536 - __main__ - INFO - Starting data collection...
2026-02-09 13:02:30,417 - __main__ - INFO - Data collected successfully - Temp: 33.23°C, Humidity: 66%, Rain: 0mm
2026-02-09 13:07:07,134 - __main__ - INFO - Starting data collection...
2026-02-09 13:07:09,253 - __main__ - INFO - Data collected successfully - Temp: 33.23°C, Humidity: 66%, Rain: 0mm
2026-02-09 13:11:57,435 - __main__ - INFO - Starting data collection...
2026-02-09 13:11:59,369 - __main__ - INFO - Data collected successfully - Temp: 33.23°C, Humidity: 66%, Rain: 0mm
2026-02-09 13:12:30,419 - __main__ - INFO - Starting data collection...
2026-02-09 13:12:32,307 - __main__ - INFO - Data collected successfully - Temp: 33.23°C, Humidity: 66%, Rain: 0mm
2026-02-09 13:17:09,255 - __main__ - INFO - Starting data collection...
2026-02-09 13:17:09,293 - __main__ - ERROR - Connection error (attempt 1/3)
2026-02-09 13:17:14,310 - __main__ - ERROR - Connection error (attempt 2/3)
2026-02-09 13:17:19,321 - __main__ - ERROR - Connection error (attempt 3/3)
2026-02-09 13:17:19,323 - __main__ - WARNING - Failed to fetch weather data, skipping this cycle
2026-02-09 13:21:59,371 - __main__ - INFO - Starting data collection...
2026-02-09 13:21:59,402 - __main__ - ERROR - Connection error (attempt 1/3)
2026-02-09 13:22:04,422 - __main__ - ERROR - Connection error (attempt 2/3)
2026-02-09 13:22:09,461 - __main__ - ERROR - Connection error (attempt 3/3)
2026-02-09 13:22:09,462 - __main__ - WARNING - Failed to fetch weather data, skipping this cycle
2026-02-09 13:22:32,323 - __main__ - INFO - Starting data collection...
2026-02-09 13:22:32,392 - __main__ - ERROR - Connection error (attempt 1/3)
2026-02-09 13:22:37,481 - __main__ - ERROR - Connection error (attempt 2/3)
2026-02-09 13:22:42,520 - __main__ - ERROR - Connection error (attempt 3/3)
2026-02-09 13:22:42,522 - __main__ - WARNING - Failed to fetch weather data, skipping this cycle
2026-02-09 13:27:19,325 - __main__ - INFO - Starting data collection...
2026-02-09 13:27:31,384 - __main__ - ERROR - Connection error (attempt 1/3)
2026-02-09 13:27:36,419 - __main__ - ERROR - Connection error (attempt 2/3)
2026-02-09 13:27:53,487 - __main__ - ERROR - Connection error (attempt 3/3)
2026-02-09 13:27:53,488 - __main__ - WARNING - Failed to fetch weather data, skipping this cycle
2026-02-09 13:32:09,464 - __main__ - INFO - Starting data collection...
2026-02-09 13:32:09,477 - __main__ - ERROR - Connection error (attempt 1/3)
2026-02-09 13:32:26,509 - __main__ - ERROR - Connection error (attempt 2/3)
2026-02-09 13:32:31,519 - __main__ - ERROR - Connection error (attempt 3/3)
2026-02-09 13:32:31,521 - __main__ - WARNING - Failed to fetch weather data, skipping this cycle
2026-02-09 13:32:42,524 - __main__ - INFO - Starting data collection...
2026-02-09 13:32:42,538 - __main__ - ERROR - Connection error (attempt 1/3)
2026-02-09 13:32:59,592 - __main__ - ERROR - Connection error (attempt 2/3)
2026-02-09 13:33:04,597 - __main__ - ERROR - Connection error (attempt 3/3)
2026-02-09 13:33:04,598 - __main__ - WARNING - Failed to fetch weather data, skipping this cycle
2026-02-09 13:37:53,489 - __main__ - INFO - Starting data collection...
2026-02-09 13:37:55,379 - __main__ - INFO - Data collected successfully - Temp: 33.23°C, Humidity: 66%, Rain: 0mm
2026-02-09 13:42:31,524 - __main__ - INFO - Starting data collection...
2026-02-09 13:42:33,837 - __main__ - INFO - Data collected successfully - Temp: 33.23°C, Humidity: 66%, Rain: 0mm
2026-02-09 13:43:04,600 - __main__ - INFO - Starting data collection...
2026-02-09 13:43:06,883 - __main__ - INFO - Data collected successfully - Temp: 33.23°C, Humidity: 66%, Rain: 0mm
2026-02-09 13:47:55,381 - __main__ - INFO - Starting data collection...
2026-02-09 13:48:04,667 - __main__ - INFO - Data collected successfully - Temp: 33.23°C, Humidity: 66%, Rain: 0mm
2026-02-09 13:52:33,839 - __main__ - INFO - Starting data collection...
2026-02-09 13:52:42,137 - __main__ - INFO - Data collected successfully - Temp: 33.23°C, Humidity: 66%, Rain: 0mm
2026-02-09 13:53:06,885 - __main__ - INFO - Starting data collection...
2026-02-09 13:53:10,628 - __main__ - INFO - Data collected successfully - Temp: 33.23°C, Humidity: 66%, Rain: 0mm
2026-02-09 13:58:04,669 - __main__ - INFO - Starting data collection...
2026-02-09 13:58:23,099 - __main__ - ERROR - API request timeout (attempt 1/3)
2026-02-09 13:58:39,499 - __main__ - ERROR - API request timeout (attempt 2/3)
2026-02-09 13:58:56,392 - __main__ - ERROR - API request timeout (attempt 3/3)
2026-02-09 13:58:56,395 - __main__ - WARNING - Failed to fetch weather data, skipping this cycle
2026-02-09 14:02:42,140 - __main__ - INFO - Starting data collection...
2026-02-09 14:02:42,156 - __main__ - ERROR - Connection error (attempt 1/3)
2026-02-09 14:02:47,165 - __main__ - ERROR - Connection error (attempt 2/3)
2026-02-09 14:02:52,170 - __main__ - ERROR - Connection error (attempt 3/3)
2026-02-09 14:02:52,171 - __main__ - WARNING - Failed to fetch weather data, skipping this cycle
2026-02-09 14:03:10,631 - __main__ - INFO - Starting data collection...
2026-02-09 14:03:10,641 - __main__ - ERROR - Connection error (attempt 1/3)
2026-02-09 14:03:15,652 - __main__ - ERROR - Connection error (attempt 2/3)
2026-02-09 14:03:20,662 - __main__ - ERROR - Connection error (attempt 3/3)
2026-02-09 14:03:20,663 - __main__ - WARNING - Failed to fetch weather data, skipping this cycle
2026-02-09 14:08:56,396 - __main__ - INFO - Starting data collection...
2026-02-09 14:08:56,402 - __main__ - ERROR - Connection error (attempt 1/3)
2026-02-09 14:09:01,426 - __main__ - ERROR - Connection error (attempt 2/3)
2026-02-09 14:09:06,434 - __main__ - ERROR - Connection error (attempt 3/3)
2026-02-09 14:09:06,436 - __main__ - WARNING - Failed to fetch weather data, skipping this cycle
2026-02-09 14:12:52,173 - __main__ - INFO - Starting data collection...
2026-02-09 14:12:52,185 - __main__ - ERROR - Connection error (attempt 1/3)
2026-02-09 14:12:57,194 - __main__ - ERROR - Connection error (attempt 2/3)
2026-02-09 14:13:02,204 - __main__ - ERROR - Connection error (attempt 3/3)
2026-02-09 14:13:02,205 - __main__ - WARNING - Failed to fetch weather data, skipping this cycle
2026-02-09 14:13:20,667 - __main__ - INFO - Starting data collection...
2026-02-09 14:13:20,678 - __main__ - ERROR - Connection error (attempt 1/3)
2026-02-09 14:13:41,353 - __main__ - ERROR - API request timeout (attempt 2/3)
2026-02-09 14:14:02,419 - __main__ - ERROR - API request timeout (attempt 3/3)
2026-02-09 14:14:02,420 - __main__ - WARNING - Failed to fetch weather data, skipping this cycle
2026-02-09 14:19:06,439 - __main__ - INFO - Starting data collection...
2026-02-09 14:19:06,460 - __main__ - ERROR - Connection error (attempt 1/3)
2026-02-09 14:19:11,504 - __main__ - ERROR - Connection error (attempt 2/3)
2026-02-09 14:19:16,535 - __main__ - ERROR - Connection error (attempt 3/3)
2026-02-09 14:19:16,540 - __main__ - WARNING - Failed to fetch weather data, skipping this cycle
2026-02-09 14:23:02,208 - __main__ - INFO - Starting data collection...
2026-02-09 14:23:02,219 - __main__ - ERROR - Connection error (attempt 1/3)
2026-02-09 14:23:07,228 - __main__ - ERROR - Connection error (attempt 2/3)
2026-02-09 14:23:12,236 - __main__ - ERROR - Connection error (attempt 3/3)
2026-02-09 14:23:12,237 - __main__ - WARNING - Failed to fetch weather data, skipping this cycle
2026-02-09 14:24:02,422 - __main__ - INFO - Starting data collection...
2026-02-09 14:24:02,461 - __main__ - ERROR - Connection error (attempt 1/3)
2026-02-09 14:24:07,476 - __main__ - ERROR - Connection error (attempt 2/3)
2026-02-09 14:24:12,486 - __main__ - ERROR - Connection error (attempt 3/3)
2026-02-09 14:24:12,488 - __main__ - WARNING - Failed to fetch weather data, skipping this cycle
2026-02-09 14:31:06,704 - __main__ - INFO - Starting data collection...
2026-02-09 14:31:09,504 - __main__ - INFO - Data collected successfully - Temp: 33.23°C, Humidity: 66%, Rain: 0mm
2026-02-09 15:02:32,886 - __main__ - INFO - Starting data collection...
2026-02-09 15:02:35,847 - __main__ - INFO - Data collected successfully - Temp: 33.23°C, Humidity: 66%, Rain: 0mm
2026-02-09 15:03:33,137 - __main__ - INFO - Starting data collection...
2026-02-09 15:03:34,904 - __main__ - INFO - Data collected successfully - Temp: 33.23°C, Humidity: 66%, Rain: 0mm
2026-02-09 15:08:39,995 - __main__ - INFO - Starting data collection...
2026-02-09 15:08:41,753 - __main__ - INFO - Data collected successfully - Temp: 33.23°C, Humidity: 66%, Rain: 0mm
2026-02-09 15:12:35,849 - __main__ - INFO - Starting data collection...
2026-02-09 15:12:38,188 - __main__ - INFO - Data collected successfully - Temp: 29.27°C, Humidity: 72%, Rain: 0mm
2026-02-09 15:13:34,906 - __main__ - INFO - Starting data collection...
2026-02-09 15:13:36,964 - __main__ - INFO - Data collected successfully - Temp: 29.27°C, Humidity: 72%, Rain: 0mm
2026-02-09 15:18:41,756 - __main__ - INFO - Starting data collection...
2026-02-09 15:18:44,066 - __main__ - INFO - Data collected successfully - Temp: 29.27°C, Humidity: 72%, Rain: 0mm
2026-02-09 15:22:38,190 - __main__ - INFO - Starting data collection...
2026-02-09 15:22:39,994 - __main__ - INFO - Data collected successfully - Temp: 32.23°C, Humidity: 70%, Rain: 0mm
2026-02-09 15:23:36,966 - __main__ - INFO - Starting data collection...
2026-02-09 15:28:49,215 - __main__ - ERROR - API request timeout (attempt 1/3)
2026-02-09 15:28:57,767 - __main__ - INFO - Data collected successfully - Temp: 32.23°C, Humidity: 70%, Rain: 0mm
2026-02-09 15:33:43,555 - __main__ - INFO - Starting data collection...
2026-02-09 15:33:45,185 - __main__ - INFO - Data collected successfully - Temp: 32.23°C, Humidity: 70%, Rain: 0mm
2026-02-09 15:37:39,484 - __main__ - INFO - Starting data collection...
2026-02-09 15:37:41,758 - __main__ - INFO - Data collected successfully - Temp: 32.23°C, Humidity: 70%, Rain: 0mm
2026-02-09 15:38:57,770 - __main__ - INFO - Starting data collection...
2026-02-09 15:38:59,812 - __main__ - INFO - Data collected successfully - Temp: 32.23°C, Humidity: 70%, Rain: 0mm
2026-02-09 15:51:52,156 - __main__ - INFO - Starting data collection...
2026-02-09 15:51:54,135 - __main__ - INFO - Data collected successfully - Temp: 32.23°C, Humidity: 70%, Rain: 0mm
2026-02-09 15:55:48,731 - __main__ - INFO - Starting data collection...
2026-02-09 15:55:50,421 - __main__ - INFO - Data collected successfully - Temp: 32.23°C, Humidity: 70%, Rain: 0mm
2026-02-09 15:57:06,783 - __main__ - INFO - Starting data collection...
2026-02-09 15:57:09,028 - __main__ - INFO - Data collected successfully - Temp: 32.23°C, Humidity: 70%, Rain: 0mm
2026-02-09 16:33:00,155 - __main__ - INFO - Starting data collection...
2026-02-09 16:33:02,394 - __main__ - INFO - Data collected successfully - Temp: 32.23°C, Humidity: 70%, Rain: 0mm
2026-02-09 16:36:56,442 - __main__ - INFO - Starting data collection...
2026-02-09 16:36:58,999 - __main__ - INFO - Data collected successfully - Temp: 32.23°C, Humidity: 70%, Rain: 0mm
2026-02-09 16:38:15,049 - __main__ - INFO - Starting data collection...
2026-02-09 16:38:15,061 - __main__ - ERROR - Connection error (attempt 1/3)
2026-02-09 16:38:20,072 - __main__ - ERROR - Connection error (attempt 2/3)
2026-02-09 16:38:25,091 - __main__ - ERROR - Connection error (attempt 3/3)
2026-02-09 16:38:25,093 - __main__ - WARNING - Failed to fetch weather data, skipping this cycle
2026-02-09 16:43:08,451 - __main__ - INFO - Starting data collection...
2026-02-09 16:43:20,465 - __main__ - ERROR - API request timeout (attempt 1/3)
2026-02-09 16:43:27,584 - __main__ - INFO - Data collected successfully - Temp: 32.23°C, Humidity: 70%, Rain: 0mm
2026-02-09 16:47:05,056 - __main__ - INFO - Starting data collection...
2026-02-09 16:47:06,917 - __main__ - INFO - Data collected successfully - Temp: 32.23°C, Humidity: 70%, Rain: 0mm
2026-02-09 16:48:31,150 - __main__ - INFO - Starting data collection...
2026-02-09 16:48:35,740 - __main__ - INFO - Data collected successfully - Temp: 32.23°C, Humidity: 70%, Rain: 0mm
2026-02-09 18:10:36,338 - __main__ - INFO - Starting continuous data collection every 600 seconds
2026-02-09 18:10:36,339 - __main__ - INFO - Starting data collection...
2026-02-09 18:10:39,363 - __main__ - INFO - Data collected successfully - Temp: 28.21°C, Humidity: 77%, Rain: 0mm
2026-02-09 18:20:39,365 - __main__ - INFO - Starting data collection...
2026-02-09 18:20:40,592 - __main__ - INFO - Data collected successfully - Temp: 30.23°C, Humidity: 79%, Rain: 0mm
2026-02-09 18:30:40,593 - __main__ - INFO - Starting data collection...
2026-02-09 18:30:42,581 - __main__ - INFO - Data collected successfully - Temp: 30.23°C, Humidity: 79%, Rain: 0.12mm
2026-02-09 18:40:42,582 - __main__ - INFO - Starting data collection...
2026-02-09 18:40:44,786 - __main__ - INFO - Data collected successfully - Temp: 30.23°C, Humidity: 79%, Rain: 0mm
2026-02-09 18:50:44,787 - __main__ - INFO - Starting data collection...
2026-02-09 18:50:46,724 - __main__ - INFO - Data collected successfully - Temp: 30.23°C, Humidity: 79%, Rain: 0mm
2026-02-09 19:00:46,725 - __main__ - INFO - Starting data collection...
2026-02-09 19:00:53,410 - __main__ - INFO - Data collected successfully - Temp: 30.23°C, Humidity: 79%, Rain: 0mm
2026-02-09 19:10:53,411 - __main__ - INFO - Starting data collection...
2026-02-09 19:11:05,313 - __main__ - ERROR - API request timeout (attempt 1/3)
2026-02-09 19:11:12,902 - __main__ - INFO - Data collected successfully - Temp: 28.04°C, Humidity: 76%, Rain: 0mm
2026-02-09 19:21:12,903 - __main__ - INFO - Starting data collection...
2026-02-09 19:21:23,569 - __main__ - ERROR - API request timeout (attempt 1/3)
2026-02-09 19:21:30,256 - __main__ - INFO - Data collected successfully - Temp: 29.23°C, Humidity: 89%, Rain: 0mm
2026-02-09 19:31:30,258 - __main__ - INFO - Starting data collection...
2026-02-09 19:31:40,898 - __main__ - ERROR - API request timeout (attempt 1/3)
2026-02-09 19:31:49,609 - __main__ - INFO - Data collected successfully - Temp: 29.23°C, Humidity: 89%, Rain: 0mm
2026-02-09 19:41:49,610 - __main__ - INFO - Starting data collection...
2026-02-09 19:41:52,584 - __main__ - INFO - Data collected successfully - Temp: 29.23°C, Humidity: 89%, Rain: 0mm
2026-02-09 19:51:52,585 - __main__ - INFO - Starting data collection...
2026-02-09 19:51:55,649 - __main__ - INFO - Data collected successfully - Temp: 29.23°C, Humidity: 89%, Rain: 0.1mm
2026-02-09 20:01:55,650 - __main__ - INFO - Starting data collection...
2026-02-09 20:01:59,932 - __main__ - INFO - Data collected successfully - Temp: 29.23°C, Humidity: 89%, Rain: 0mm
2026-02-09 20:11:59,933 - __main__ - INFO - Starting data collection...
2026-02-09 20:12:01,079 - __main__ - INFO - Data collected successfully - Temp: 29.23°C, Humidity: 89%, Rain: 0.35mm
2026-02-09 20:22:01,080 - __main__ - INFO - Starting data collection...
2026-02-09 20:22:02,340 - __main__ - INFO - Data collected successfully - Temp: 29.23°C, Humidity: 89%, Rain: 0.38mm
2026-02-09 20:32:02,342 - __main__ - INFO - Starting data collection...
2026-02-09 20:32:04,148 - __main__ - INFO - Data collected successfully - Temp: 29.23°C, Humidity: 89%, Rain: 0.5mm
2026-02-09 20:42:04,149 - __main__ - INFO - Starting data collection...
2026-02-09 20:42:05,746 - __main__ - INFO - Data collected successfully - Temp: 29.23°C, Humidity: 89%, Rain: 0mm
2026-02-09 20:52:05,747 - __main__ - INFO - Starting data collection...
2026-02-09 20:52:06,674 - __main__ - INFO - Data collected successfully - Temp: 29.23°C, Humidity: 89%, Rain: 0mm
2026-02-09 21:02:06,675 - __main__ - INFO - Starting data collection...
2026-02-09 21:02:07,593 - __main__ - INFO - Data collected successfully - Temp: 29.23°C, Humidity: 89%, Rain: 0mm
2026-02-09 21:12:07,594 - __main__ - INFO - Starting data collection...
2026-02-09 21:12:11,116 - __main__ - INFO - Data collected successfully - Temp: 27.87°C, Humidity: 78%, Rain: 0mm
2026-02-09 21:22:11,117 - __main__ - INFO - Starting data collection...
2026-02-09 21:22:13,514 - __main__ - INFO - Data collected successfully - Temp: 29.23°C, Humidity: 84%, Rain: 0mm
2026-02-09 21:32:13,516 - __main__ - INFO - Starting data collection...
2026-02-09 21:32:15,816 - __main__ - INFO - Data collected successfully - Temp: 29.23°C, Humidity: 84%, Rain: 0mm
2026-02-09 21:42:15,818 - __main__ - INFO - Starting data collection...
2026-02-09 21:42:18,545 - __main__ - INFO - Data collected successfully - Temp: 29.23°C, Humidity: 84%, Rain: 0mm
2026-02-09 21:52:18,547 - __main__ - INFO - Starting data collection...
2026-02-09 21:52:20,826 - __main__ - INFO - Data collected successfully - Temp: 29.23°C, Humidity: 84%, Rain: 0mm
2026-02-09 22:02:20,828 - __main__ - INFO - Starting data collection...
2026-02-09 22:02:23,129 - __main__ - INFO - Data collected successfully - Temp: 29.23°C, Humidity: 84%, Rain: 0mm
2026-02-09 22:12:23,132 - __main__ - INFO - Starting data collection...
2026-02-09 22:12:25,638 - __main__ - INFO - Data collected successfully - Temp: 27.72°C, Humidity: 79%, Rain: 0mm
2026-02-09 22:22:25,644 - __main__ - INFO - Starting data collection...
2026-02-09 22:22:28,654 - __main__ - INFO - Data collected successfully - Temp: 27.72°C, Humidity: 79%, Rain: 0mm
2026-02-09 22:32:28,658 - __main__ - INFO - Starting data collection...
2026-02-09 22:32:32,940 - __main__ - INFO - Data collected successfully - Temp: 27.72°C, Humidity: 79%, Rain: 0mm
2026-02-09 22:42:32,942 - __main__ - INFO - Starting data collection...
2026-02-09 22:42:36,398 - __main__ - INFO - Data collected successfully - Temp: 27.54°C, Humidity: 79%, Rain: 0mm
2026-02-09 22:52:36,400 - __main__ - INFO - Starting data collection...
2026-02-09 22:52:37,437 - __main__ - INFO - Data collected successfully - Temp: 27.54°C, Humidity: 79%, Rain: 0mm
2026-02-09 23:02:37,439 - __main__ - INFO - Starting data collection...
2026-02-09 23:02:39,311 - __main__ - INFO - Data collected successfully - Temp: 27.54°C, Humidity: 79%, Rain: 0mm
2026-02-09 23:04:42,762 - __main__ - INFO - Starting data preprocessing...
2026-02-09 23:04:42,793 - __main__ - INFO - Loaded 100 rows from data/raw/weather_accra.csv
2026-02-09 23:04:42,793 - __main__ - INFO - Raw data shape: (100, 11)
2026-02-09 23:04:42,882 - __main__ - INFO - Created target variable. Rain samples: 8, No rain samples: 92
2026-02-09 23:04:42,908 - __main__ - INFO - Selected 29 features for modeling
2026-02-09 23:04:42,914 - __main__ - INFO - Processed data shape: (100, 30)
2026-02-09 23:04:42,920 - __main__ - INFO - Saved processed data to data/processed/weather_features.csv
2026-02-09 23:06:09,448 - __main__ - INFO - ============================================================
2026-02-09 23:06:09,449 - __main__ - INFO - Starting model training pipeline
2026-02-09 23:06:09,449 - __main__ - INFO - ============================================================
2026-02-09 23:06:09,453 - __main__ - INFO - Loaded processed data: (100, 30)
2026-02-09 23:06:09,454 - __main__ - INFO - Features: 29, Target distribution: {0: 92, 1: 8}
2026-02-09 23:06:09,465 - __main__ - INFO - Train set: (80, 29), Test set: (20, 29)
2026-02-09 23:06:09,466 - __main__ - INFO - Train rain samples: 6, No rain: 74
2026-02-09 23:06:09,466 - __main__ - INFO - Training Random Forest model...
2026-02-09 23:06:09,467 - __main__ - INFO - Model parameters: {'n_estimators': 300, 'max_depth': 15, 'min_samples_split': 5, 'min_samples_leaf': 2, 'random_state': 42, 'n_jobs': -1, 'class_weight': 'balanced'}
2026-02-09 23:06:09,918 - __main__ - INFO - Evaluating model performance...
2026-02-09 23:06:12,611 - __main__ - INFO - Cross-validation F1 scores: [0. 1. 1. 1. 1.]
2026-02-09 23:06:12,700 - __main__ - INFO - 
              precision    recall  f1-score   support

     No Rain       0.95      1.00      0.97        18
        Rain       1.00      0.50      0.67         2

    accuracy                           0.95        20
   macro avg       0.97      0.75      0.82        20
weighted avg       0.95      0.95      0.94        20

2026-02-09 23:06:13,586 - __main__ - INFO - ============================================================
2026-02-09 23:06:13,590 - __main__ - INFO - ============================================================
2026-02-09 23:09:44,756 - __main__ - ERROR - Error loading data: 'timestamp'
2026-02-09 23:10:31,746 - src.predict - INFO - Starting prediction pipeline...
2026-02-09 23:10:33,605 - src.predict - INFO -    Probability: 1.29%
2026-02-09 23:10:33,605 - src.predict - INFO -    Confidence: 98.71% (HIGH)
2026-02-09 23:12:39,313 - __main__ - INFO - Starting data collection...
2026-02-09 23:12:40,307 - __main__ - INFO - Data collected successfully - Temp: 27.54°C, Humidity: 79%, Rain: 0mm
2026-02-09 23:12:41,465 - src.predict - INFO - Starting prediction pipeline...
2026-02-09 23:12:41,752 - src.predict - INFO -    Probability: 1.29%
2026-02-09 23:12:41,752 - src.predict - INFO -    Confidence: 98.71% (HIGH)
2026-02-09 23:22:40,310 - __main__ - INFO - Starting data collection...
2026-02-09 23:22:41,514 - __main__ - INFO - Data collected successfully - Temp: 28.23°C, Humidity: 89%, Rain: 0mm
2026-02-09 23:23:53,821 - src.predict - INFO - Starting prediction pipeline...
2026-02-09 23:23:54,256 - src.predict - INFO -    Probability: 1.29%
2026-02-09 23:23:54,256 - src.predict - INFO -    Confidence: 98.71% (HIGH)
2026-02-09 23:32:41,515 - __main__ - INFO - Starting data collection...
2026-02-09 23:32:42,450 - __main__ - INFO - Data collected successfully - Temp: 28.23°C, Humidity: 89%, Rain: 0mm
2026-02-09 23:42:42,451 - __main__ - INFO - Starting data collection...
2026-02-09 23:42:44,804 - __main__ - INFO - Data collected successfully - Temp: 28.23°C, Humidity: 89%, Rain: 0mm
2026-02-09 23:52:44,805 - __main__ - INFO - Starting data collection...
2026-02-09 23:52:46,248 - __main__ - INFO - Data collected successfully - Temp: 28.23°C, Humidity: 89%, Rain: 0mm
2026-02-10 00:02:46,249 - __main__ - INFO - Starting data collection...
2026-02-10 00:02:48,565 - __main__ - INFO - Data collected successfully - Temp: 28.23°C, Humidity: 89%, Rain: 0mm
2026-02-10 00:12:48,567 - __main__ - INFO - Starting data collection...
2026-02-10 00:12:50,549 - __main__ - INFO - Data collected successfully - Temp: 27.39°C, Humidity: 79%, Rain: 0mm
2026-02-10 00:22:50,551 - __main__ - INFO - Starting data collection...
2026-02-10 00:22:51,605 - __main__ - INFO - Data collected successfully - Temp: 26.23°C, Humidity: 78%, Rain: 0mm
2026-02-10 00:32:51,605 - __main__ - INFO - Starting data collection...
2026-02-10 00:32:52,460 - __main__ - INFO - Data collected successfully - Temp: 26.23°C, Humidity: 78%, Rain: 0mm
2026-02-10 00:42:52,461 - __main__ - INFO - Starting data collection...
2026-02-10 00:42:55,410 - __main__ - INFO - Data collected successfully - Temp: 26.23°C, Humidity: 78%, Rain: 0mm
2026-02-10 10:55:18,538 - src.predict - INFO - Starting prediction pipeline...
2026-02-10 10:55:20,672 - src.predict - INFO -    Probability: 1.29%
2026-02-10 10:55:20,677 - src.predict - INFO -    Confidence: 98.71% (HIGH)
2026-02-10 10:57:54,656 - __main__ - INFO - Starting data collection...
2026-02-10 10:57:56,659 - __main__ - INFO - Data collected successfully - Temp: 31.23°C, Humidity: 70%, Rain: 0mm
2026-02-10 11:08:02,948 - __main__ - INFO - Starting data collection...
2026-02-10 11:08:04,947 - __main__ - INFO - Data collected successfully - Temp: 31.23°C, Humidity: 70%, Rain: 0mm
2026-02-10 11:19:43,623 - __main__ - INFO - Starting data collection...
2026-02-10 11:19:43,704 - __main__ - ERROR - Connection error (attempt 1/3)
2026-02-10 11:19:54,981 - __main__ - INFO - Data collected successfully - Temp: 32.23°C, Humidity: 66%, Rain: 0mm
2026-02-10 11:29:54,985 - __main__ - INFO - Starting data collection...
2026-02-10 11:29:56,894 - __main__ - INFO - Data collected successfully - Temp: 32.23°C, Humidity: 66%, Rain: 0mm
2026-02-10 11:39:56,895 - __main__ - INFO - Starting data collection...
2026-02-10 11:39:59,148 - __main__ - INFO - Data collected successfully - Temp: 32.23°C, Humidity: 66%, Rain: 0mm
2026-02-10 12:33:56,082 - __main__ - INFO - Starting data collection...
2026-02-10 12:33:58,208 - __main__ - INFO - Data collected successfully - Temp: 33.23°C, Humidity: 62%, Rain: 0mm
2026-02-10 12:53:34,161 - __main__ - INFO - Starting data collection...
2026-02-10 12:53:36,499 - __main__ - INFO - Data collected successfully - Temp: 33.23°C, Humidity: 62%, Rain: 0mm
2026-02-10 13:47:13,979 - __main__ - INFO - Starting data collection...
2026-02-10 13:47:17,180 - __main__ - INFO - Data collected successfully - Temp: 33.23°C, Humidity: 62%, Rain: 0mm
2026-02-10 13:57:17,181 - __main__ - INFO - Starting data collection...
2026-02-10 13:57:19,574 - __main__ - INFO - Data collected successfully - Temp: 33.23°C, Humidity: 62%, Rain: 0mm
2026-02-10 14:07:19,580 - __main__ - INFO - Starting data collection...
2026-02-10 14:07:22,008 - __main__ - INFO - Data collected successfully - Temp: 33.23°C, Humidity: 62%, Rain: 0mm
2026-02-10 14:17:22,011 - __main__ - INFO - Starting data collection...
2026-02-10 14:17:22,049 - __main__ - ERROR - Connection error (attempt 1/3)
2026-02-10 14:17:27,063 - __main__ - ERROR - Connection error (attempt 2/3)
2026-02-10 14:17:32,074 - __main__ - ERROR - Connection error (attempt 3/3)
2026-02-10 14:17:32,080 - __main__ - WARNING - Failed to fetch weather data, skipping this cycle
2026-02-10 14:35:36,473 - src.predict - INFO - Starting prediction pipeline...
2026-02-10 14:35:37,881 - src.predict - INFO -    Probability: 1.29%
2026-02-10 14:35:37,881 - src.predict - INFO -    Confidence: 98.71% (HIGH)
2026-02-10 14:37:28,863 - __main__ - INFO - Starting data preprocessing...
2026-02-10 14:37:28,899 - __main__ - INFO - Loaded 120 rows from data/raw/weather_accra.csv
2026-02-10 14:37:28,900 - __main__ - INFO - Raw data shape: (120, 11)
2026-02-10 14:37:29,171 - __main__ - INFO - Created target variable. Rain samples: 8, No rain samples: 112
2026-02-10 14:37:29,227 - __main__ - INFO - Selected 29 features for modeling
2026-02-10 14:37:29,230 - __main__ - INFO - Processed data shape: (120, 30)
2026-02-10 14:37:29,243 - __main__ - INFO - Saved processed data to data/processed/weather_features.csv
2026-02-10 14:49:49,818 - __main__ - INFO - ============================================================
2026-02-10 14:49:49,819 - __main__ - INFO - Starting model training pipeline
2026-02-10 14:49:49,819 - __main__ - INFO - ============================================================
2026-02-10 14:49:49,824 - __main__ - INFO - Loaded processed data: (120, 30)
2026-02-10 14:49:49,825 - __main__ - INFO - Features: 29, Target distribution: {0: 112, 1: 8}
2026-02-10 14:49:49,842 - __main__ - INFO - Train set: (96, 29), Test set: (24, 29)
2026-02-10 14:49:49,843 - __main__ - INFO - Train rain samples: 6, No rain: 90
2026-02-10 14:49:49,843 - __main__ - INFO - Training Random Forest model...
2026-02-10 14:49:49,843 - __main__ - INFO - Model parameters: {'n_estimators': 300, 'max_depth': 15, 'min_samples_split': 5, 'min_samples_leaf': 2, 'random_state': 42, 'n_jobs': -1, 'class_weight': 'balanced'}
2026-02-10 14:49:50,318 - __main__ - INFO - Evaluating model performance...
2026-02-10 14:49:53,047 - __main__ - INFO - Cross-validation F1 scores: [0.66666667 1.         1.         1.         1.        ]
2026-02-10 14:49:53,122 - __main__ - INFO - 
              precision    recall  f1-score   support

     No Rain       0.96      1.00      0.98        22
        Rain       1.00      0.50      0.67         2

    accuracy                           0.96        24
   macro avg       0.98      0.75      0.82        24
weighted avg       0.96      0.96      0.95        24

2026-02-10 14:49:54,005 - __main__ - INFO - ============================================================
2026-02-10 14:49:54,012 - __main__ - INFO - ============================================================
2026-02-10 14:50:19,084 - __main__ - INFO - Starting data collection...
2026-02-10 14:50:20,045 - __main__ - INFO - Data collected successfully - Temp: 33.23°C, Humidity: 62%, Rain: 0mm
2026-02-10 14:51:04,141 - src.predict - INFO - Starting prediction pipeline...
2026-02-10 14:51:06,043 - src.predict - INFO -    Probability: 0.98%
2026-02-10 14:51:06,043 - src.predict - INFO -    Confidence: 99.02% (HIGH)
2026-02-10 14:52:06,785 - __main__ - INFO - Starting continuous data collection every 600 seconds
2026-02-10 14:52:06,786 - __main__ - INFO - Starting data collection...
2026-02-10 14:52:07,611 - __main__ - INFO - Data collected successfully - Temp: 33.23°C, Humidity: 62%, Rain: 0mm
2026-02-10 15:00:20,046 - __main__ - INFO - Starting data collection...
2026-02-10 15:00:21,043 - __main__ - INFO - Data collected successfully - Temp: 33.23°C, Humidity: 62%, Rain: 0mm
2026-02-10 15:02:07,611 - __main__ - INFO - Starting data collection...
2026-02-10 15:02:08,439 - __main__ - INFO - Data collected successfully - Temp: 33.23°C, Humidity: 62%, Rain: 0mm
2026-02-10 15:10:21,044 - __main__ - INFO - Starting data collection...
2026-02-10 15:10:21,929 - __main__ - INFO - Data collected successfully - Temp: 33.23°C, Humidity: 62%, Rain: 0mm
2026-02-10 15:12:08,440 - __main__ - INFO - Starting data collection...
2026-02-10 15:12:09,261 - __main__ - INFO - Data collected successfully - Temp: 33.23°C, Humidity: 62%, Rain: 0mm
2026-02-10 15:20:21,929 - __main__ - INFO - Starting data collection...
2026-02-10 15:20:24,074 - __main__ - INFO - Data collected successfully - Temp: 32.23°C, Humidity: 62%, Rain: 0mm
2026-02-10 15:22:09,263 - __main__ - INFO - Starting data collection...
2026-02-10 15:22:10,149 - __main__ - INFO - Data collected successfully - Temp: 32.23°C, Humidity: 62%, Rain: 0mm
2026-02-10 15:27:33,219 - __main__ - INFO - Starting continuous data collection every 600 seconds
2026-02-10 15:27:33,220 - __main__ - INFO - Starting data collection...
2026-02-10 15:27:34,244 - __main__ - INFO - Data collected successfully - Temp: 32.23°C, Humidity: 62%, Rain: 0mm
2026-02-10 15:30:24,074 - __main__ - INFO - Starting data collection...
2026-02-10 15:30:24,927 - __main__ - INFO - Data collected successfully - Temp: 32.23°C, Humidity: 62%, Rain: 0mm
2026-02-10 15:31:17,497 - src.predict - INFO - Starting prediction pipeline...
2026-02-10 15:31:19,649 - src.predict - INFO -    Probability: 0.98%
2026-02-10 15:31:19,649 - src.predict - INFO -    Confidence: 99.02% (HIGH)
2026-02-10 15:37:34,246 - __main__ - INFO - Starting data collection...
2026-02-10 15:37:36,321 - __main__ - INFO - Data collected successfully - Temp: 32.23°C, Humidity: 62%, Rain: 0mm
2026-02-10 15:40:24,927 - __main__ - INFO - Starting data collection...
2026-02-10 15:40:26,100 - __main__ - INFO - Data collected successfully - Temp: 32.23°C, Humidity: 62%, Rain: 0mm
2026-02-10 15:47:36,322 - __main__ - INFO - Starting data collection...
2026-02-10 15:47:37,186 - __main__ - INFO - Data collected successfully - Temp: 32.23°C, Humidity: 62%, Rain: 0mm
2026-02-10 15:50:26,101 - __main__ - INFO - Starting data collection...
2026-02-10 15:50:26,970 - __main__ - INFO - Data collected successfully - Temp: 32.23°C, Humidity: 62%, Rain: 0mm
2026-02-10 15:57:37,186 - __main__ - INFO - Starting data collection...
2026-02-10 15:57:38,078 - __main__ - INFO - Data collected successfully - Temp: 32.23°C, Humidity: 62%, Rain: 0mm
2026-02-10 16:00:26,971 - __main__ - INFO - Starting data collection...
2026-02-10 16:00:27,857 - __main__ - INFO - Data collected successfully - Temp: 32.23°C, Humidity: 62%, Rain: 0mm
2026-02-10 16:07:38,079 - __main__ - INFO - Starting data collection...
2026-02-10 16:07:39,100 - __main__ - INFO - Data collected successfully - Temp: 32.23°C, Humidity: 62%, Rain: 0mm
2026-02-10 16:10:27,858 - __main__ - INFO - Starting data collection...
2026-02-10 16:10:28,773 - __main__ - INFO - Data collected successfully - Temp: 32.23°C, Humidity: 62%, Rain: 0mm
2026-02-10 16:17:39,101 - __main__ - INFO - Starting data collection...
2026-02-10 16:17:39,877 - __main__ - INFO - Data collected successfully - Temp: 32.23°C, Humidity: 62%, Rain: 0mm
2026-02-10 16:20:28,774 - __main__ - INFO - Starting data collection...
2026-02-10 16:20:29,627 - __main__ - INFO - Data collected successfully - Temp: 31.23°C, Humidity: 70%, Rain: 0mm
2026-02-10 16:27:39,879 - __main__ - INFO - Starting data collection...
2026-02-10 16:27:40,727 - __main__ - INFO - Data collected successfully - Temp: 31.23°C, Humidity: 70%, Rain: 0mm
2026-02-10 16:30:29,628 - __main__ - INFO - Starting data collection...
2026-02-10 16:30:30,446 - __main__ - INFO - Data collected successfully - Temp: 31.23°C, Humidity: 70%, Rain: 0mm
2026-02-10 16:37:40,728 - __main__ - INFO - Starting data collection...
2026-02-10 16:37:41,795 - __main__ - INFO - Data collected successfully - Temp: 31.23°C, Humidity: 70%, Rain: 0mm
2026-02-10 16:40:30,447 - __main__ - INFO - Starting data collection...
2026-02-10 16:40:31,263 - __main__ - INFO - Data collected successfully - Temp: 31.23°C, Humidity: 70%, Rain: 0mm
2026-02-10 16:47:41,796 - __main__ - INFO - Starting data collection...
2026-02-10 16:47:42,621 - __main__ - INFO - Data collected successfully - Temp: 31.23°C, Humidity: 70%, Rain: 0mm
2026-02-10 16:50:31,264 - __main__ - INFO - Starting data collection...
2026-02-10 16:50:32,091 - __main__ - INFO - Data collected successfully - Temp: 31.23°C, Humidity: 70%, Rain: 0mm
2026-02-10 16:57:42,622 - __main__ - INFO - Starting data collection...
2026-02-10 16:57:43,393 - __main__ - INFO - Data collected successfully - Temp: 31.23°C, Humidity: 70%, Rain: 0mm
2026-02-10 17:00:32,093 - __main__ - INFO - Starting data collection...
2026-02-10 17:00:32,895 - __main__ - INFO - Data collected successfully - Temp: 31.23°C, Humidity: 70%, Rain: 0mm
2026-02-10 17:07:43,394 - __main__ - INFO - Starting data collection...
2026-02-10 17:07:44,322 - __main__ - INFO - Data collected successfully - Temp: 31.23°C, Humidity: 70%, Rain: 0mm
2026-02-10 17:10:32,896 - __main__ - INFO - Starting data collection...
2026-02-10 17:10:33,710 - __main__ - INFO - Data collected successfully - Temp: 31.23°C, Humidity: 70%, Rain: 0mm
2026-02-10 17:17:44,323 - __main__ - INFO - Starting data collection...
2026-02-10 17:17:45,143 - __main__ - INFO - Data collected successfully - Temp: 30.23°C, Humidity: 74%, Rain: 0mm
2026-02-10 17:20:33,712 - __main__ - INFO - Starting data collection...
2026-02-10 17:20:34,551 - __main__ - INFO - Data collected successfully - Temp: 30.23°C, Humidity: 74%, Rain: 0mm
2026-02-10 17:27:45,144 - __main__ - INFO - Starting data collection...
2026-02-10 17:27:45,961 - __main__ - INFO - Data collected successfully - Temp: 30.23°C, Humidity: 74%, Rain: 0mm
2026-02-10 17:30:34,552 - __main__ - INFO - Starting data collection...
2026-02-10 17:30:35,379 - __main__ - INFO - Data collected successfully - Temp: 30.23°C, Humidity: 74%, Rain: 0mm
2026-02-10 17:34:06,537 - src.predict - INFO - Starting prediction pipeline...
2026-02-10 17:34:09,607 - src.predict - INFO -    Probability: 0.98%
2026-02-10 17:34:09,607 - src.predict - INFO -    Confidence: 99.02% (HIGH)
2026-02-10 17:37:45,962 - __main__ - INFO - Starting data collection...
2026-02-10 17:37:46,861 - __main__ - INFO - Data collected successfully - Temp: 30.23°C, Humidity: 74%, Rain: 0mm
2026-02-10 17:40:35,380 - __main__ - INFO - Starting data collection...
2026-02-10 17:40:36,181 - __main__ - INFO - Data collected successfully - Temp: 30.23°C, Humidity: 74%, Rain: 0mm
2026-02-10 17:47:46,862 - __main__ - INFO - Starting data collection...
2026-02-10 17:47:47,669 - __main__ - INFO - Data collected successfully - Temp: 30.23°C, Humidity: 74%, Rain: 0mm
2026-02-10 17:50:36,182 - __main__ - INFO - Starting data collection...
2026-02-10 17:50:37,081 - __main__ - INFO - Data collected successfully - Temp: 30.23°C, Humidity: 74%, Rain: 0mm
2026-02-10 17:57:47,670 - __main__ - INFO - Starting data collection...
2026-02-10 17:57:48,472 - __main__ - INFO - Data collected successfully - Temp: 30.23°C, Humidity: 74%, Rain: 0mm
2026-02-10 18:00:37,083 - __main__ - INFO - Starting data collection...
2026-02-10 18:00:38,050 - __main__ - INFO - Data collected successfully - Temp: 30.23°C, Humidity: 74%, Rain: 0mm
2026-02-10 18:59:21,360 - __main__ - INFO - Starting data collection...
2026-02-10 18:59:23,573 - __main__ - INFO - Data collected successfully - Temp: 29.23°C, Humidity: 74%, Rain: 0mm
2026-02-10 19:02:10,938 - __main__ - INFO - Starting data collection...
2026-02-10 19:02:12,974 - __main__ - INFO - Data collected successfully - Temp: 29.23°C, Humidity: 74%, Rain: 0mm
2026-02-10 19:16:26,494 - __main__ - INFO - Starting data collection...
2026-02-10 19:16:27,427 - __main__ - INFO - Data collected successfully - Temp: 28.23°C, Humidity: 74%, Rain: 0mm
2026-02-10 19:19:15,895 - __main__ - INFO - Starting data collection...
2026-02-10 19:19:16,818 - __main__ - INFO - Data collected successfully - Temp: 28.23°C, Humidity: 74%, Rain: 0mm
2026-02-10 19:26:27,427 - __main__ - INFO - Starting data collection...
2026-02-10 19:26:28,338 - __main__ - INFO - Data collected successfully - Temp: 28.23°C, Humidity: 74%, Rain: 0mm
2026-02-10 19:29:16,819 - __main__ - INFO - Starting data collection...
2026-02-10 19:29:17,662 - __main__ - INFO - Data collected successfully - Temp: 28.23°C, Humidity: 74%, Rain: 0mm
2026-02-10 19:36:28,339 - __main__ - INFO - Starting data collection...
2026-02-10 19:36:29,440 - __main__ - INFO - Data collected successfully - Temp: 28.23°C, Humidity: 74%, Rain: 1.78mm
2026-02-10 19:39:17,663 - __main__ - INFO - Starting data collection...
2026-02-10 19:39:19,353 - __main__ - INFO - Data collected successfully - Temp: 28.23°C, Humidity: 74%, Rain: 1.78mm
2026-02-10 19:46:29,440 - __main__ - INFO - Starting data collection...
2026-02-10 19:46:30,389 - __main__ - INFO - Data collected successfully - Temp: 28.23°C, Humidity: 74%, Rain: 1.41mm
2026-02-10 19:49:19,354 - __main__ - INFO - Starting data collection...
2026-02-10 19:49:20,324 - __main__ - INFO - Data collected successfully - Temp: 28.23°C, Humidity: 74%, Rain: 1.41mm
2026-02-10 19:56:30,390 - __main__ - INFO - Starting data collection...
2026-02-10 19:56:31,361 - __main__ - INFO - Data collected successfully - Temp: 28.23°C, Humidity: 74%, Rain: 1.87mm
2026-02-10 19:59:20,326 - __main__ - INFO - Starting data collection...
2026-02-10 19:59:21,857 - __main__ - INFO - Data collected successfully - Temp: 28.23°C, Humidity: 74%, Rain: 1.87mm
2026-02-10 20:06:31,361 - __main__ - INFO - Starting data collection...
2026-02-10 20:06:32,309 - __main__ - INFO - Data collected successfully - Temp: 28.23°C, Humidity: 74%, Rain: 4.21mm
2026-02-10 20:09:21,858 - __main__ - INFO - Starting data collection...
2026-02-10 20:09:22,741 - __main__ - INFO - Data collected successfully - Temp: 28.23°C, Humidity: 74%, Rain: 4.21mm
2026-02-10 20:16:32,311 - __main__ - INFO - Starting data collection...
2026-02-10 20:16:34,130 - __main__ - INFO - Data collected successfully - Temp: 23.23°C, Humidity: 94%, Rain: 4.86mm
2026-02-10 20:19:22,743 - __main__ - INFO - Starting data collection...
2026-02-10 20:19:23,687 - __main__ - INFO - Data collected successfully - Temp: 23.23°C, Humidity: 94%, Rain: 4.86mm
2026-02-10 20:26:34,131 - __main__ - INFO - Starting data collection...
2026-02-10 20:26:35,052 - __main__ - INFO - Data collected successfully - Temp: 23.23°C, Humidity: 94%, Rain: 9.99mm
2026-02-10 20:29:23,688 - __main__ - INFO - Starting data collection...
2026-02-10 20:29:25,144 - __main__ - INFO - Data collected successfully - Temp: 23.23°C, Humidity: 94%, Rain: 9.99mm
2026-02-10 20:36:35,053 - __main__ - INFO - Starting data collection...
2026-02-10 20:36:36,257 - __main__ - INFO - Data collected successfully - Temp: 23.23°C, Humidity: 94%, Rain: 10.91mm
2026-02-10 20:39:25,145 - __main__ - INFO - Starting data collection...
2026-02-10 20:39:26,012 - __main__ - INFO - Data collected successfully - Temp: 23.23°C, Humidity: 94%, Rain: 10.91mm
2026-02-10 20:39:29,694 - __main__ - INFO - Starting data preprocessing...
2026-02-10 20:39:29,713 - __main__ - INFO - Loaded 180 rows from data/raw/weather_accra.csv
2026-02-10 20:39:29,713 - __main__ - INFO - Raw data shape: (180, 11)
2026-02-10 20:39:29,858 - __main__ - INFO - Created target variable. Rain samples: 25, No rain samples: 155
2026-02-10 20:39:29,883 - __main__ - INFO - Selected 29 features for modeling
2026-02-10 20:39:29,883 - __main__ - INFO - Processed data shape: (180, 30)
2026-02-10 20:39:29,890 - __main__ - INFO - Saved processed data to data/processed/weather_features.csv
2026-02-10 20:40:54,639 - __main__ - INFO - ============================================================
2026-02-10 20:40:54,639 - __main__ - INFO - Starting model training pipeline
2026-02-10 20:40:54,639 - __main__ - INFO - ============================================================
2026-02-10 20:40:54,644 - __main__ - INFO - Loaded processed data: (180, 30)
2026-02-10 20:40:54,646 - __main__ - INFO - Features: 29, Target distribution: {0: 155, 1: 25}
2026-02-10 20:40:54,652 - __main__ - INFO - Train set: (144, 29), Test set: (36, 29)
2026-02-10 20:40:54,653 - __main__ - INFO - Train rain samples: 20, No rain: 124
2026-02-10 20:40:54,653 - __main__ - INFO - Training Random Forest model...
2026-02-10 20:40:54,653 - __main__ - INFO - Model parameters: {'n_estimators': 300, 'max_depth': 15, 'min_samples_split': 5, 'min_samples_leaf': 2, 'random_state': 42, 'n_jobs': -1, 'class_weight': 'balanced'}
2026-02-10 20:40:55,138 - __main__ - INFO - Evaluating model performance...
2026-02-10 20:40:57,938 - __main__ - INFO - Cross-validation F1 scores: [1.         1.         0.85714286 0.85714286 0.75      ]
2026-02-10 20:40:58,022 - __main__ - INFO - 
              precision    recall  f1-score   support

     No Rain       1.00      0.97      0.98        31
        Rain       0.83      1.00      0.91         5

    accuracy                           0.97        36
   macro avg       0.92      0.98      0.95        36
weighted avg       0.98      0.97      0.97        36

2026-02-10 20:40:58,882 - __main__ - INFO - ============================================================
2026-02-10 20:40:58,886 - __main__ - INFO - ============================================================
2026-02-10 20:44:53,435 - __main__ - INFO - Starting data preprocessing...
2026-02-10 20:44:53,456 - __main__ - INFO - Loaded 180 rows from data/raw/weather_accra.csv
2026-02-10 20:44:53,457 - __main__ - INFO - Raw data shape: (180, 11)
2026-02-10 20:44:53,620 - __main__ - INFO - Created target variable. Rain samples: 25, No rain samples: 155
2026-02-10 20:44:53,641 - __main__ - INFO - Selected 29 features for modeling
2026-02-10 20:44:53,644 - __main__ - INFO - Processed data shape: (180, 30)
2026-02-10 20:44:53,652 - __main__ - INFO - Saved processed data to data/processed/weather_features.csv
2026-02-10 20:46:36,258 - __main__ - INFO - Starting data collection...
2026-02-10 20:46:37,432 - __main__ - INFO - Data collected successfully - Temp: 23.23°C, Humidity: 94%, Rain: 11.53mm
2026-02-10 20:49:26,014 - __main__ - INFO - Starting data collection...
2026-02-10 20:49:27,046 - __main__ - INFO - Data collected successfully - Temp: 23.23°C, Humidity: 94%, Rain: 11.53mm
2026-02-10 20:51:46,324 - __main__ - INFO - ============================================================
2026-02-10 20:51:46,324 - __main__ - INFO - Starting model training pipeline
2026-02-10 20:51:46,324 - __main__ - INFO - ============================================================
2026-02-10 20:51:46,328 - __main__ - INFO - Loaded processed data: (180, 30)
2026-02-10 20:51:46,330 - __main__ - INFO - Features: 29, Target distribution: {0: 155, 1: 25}
2026-02-10 20:51:46,337 - __main__ - INFO - Train set: (144, 29), Test set: (36, 29)
2026-02-10 20:51:46,337 - __main__ - INFO - Train rain samples: 20, No rain: 124
2026-02-10 20:51:46,338 - __main__ - INFO - Training Random Forest model...
2026-02-10 20:51:46,338 - __main__ - INFO - Model parameters: {'n_estimators': 300, 'max_depth': 15, 'min_samples_split': 5, 'min_samples_leaf': 2, 'random_state': 42, 'n_jobs': -1, 'class_weight': 'balanced'}
2026-02-10 20:51:46,815 - __main__ - INFO - â Model training complete
2026-02-10 20:51:46,816 - __main__ - INFO - Evaluating model performance...
2026-02-10 20:51:49,576 - __main__ - INFO - Cross-validation F1 scores: [1.         1.         0.85714286 0.85714286 0.75      ]
2026-02-10 20:51:49,649 - __main__ - INFO - 
              precision    recall  f1-score   support

     No Rain       1.00      0.97      0.98        31
        Rain       0.83      1.00      0.91         5

    accuracy                           0.97        36
   macro avg       0.92      0.98      0.95        36
weighted avg       0.98      0.97      0.97        36

2026-02-10 20:51:49,649 - __main__ - INFO - â Test Accuracy: 0.9722
2026-02-10 20:51:49,649 - __main__ - INFO - â Test F1-Score: 0.9091
2026-02-10 20:51:49,650 - __main__ - INFO - â ROC-AUC: 0.9806
2026-02-10 20:51:49,650 - __main__ - INFO - â Recall (Sensitivity): 1.0000
2026-02-10 20:51:49,650 - __main__ - INFO - â Precision: 0.8333
2026-02-10 20:51:49,738 - __main__ - INFO - â Model saved to src/rain_model.pkl
2026-02-10 20:51:49,740 - __main__ - INFO - â Metrics saved to src/model_metrics.json
2026-02-10 20:51:50,416 - __main__ - INFO - â Feature importance plot saved to src/feature_importance.png
2026-02-10 20:51:50,417 - __main__ - INFO - ============================================================
2026-02-10 20:51:50,417 - __main__ - INFO - â Training pipeline complete!
2026-02-10 20:51:50,417 - __main__ - INFO - ============================================================
2026-02-10 20:53:25,402 - src.predict - INFO - Starting prediction pipeline...
2026-02-10 20:53:26,989 - src.predict - INFO - â Model loaded from src/rain_model.pkl
2026-02-10 20:53:27,144 - src.predict - INFO - â Prediction: RAIN â
2026-02-10 20:53:27,144 - src.predict - INFO -    Probability: 92.29%
2026-02-10 20:53:27,145 - src.predict - INFO -    Confidence: 92.29% (HIGH)
2026-02-10 20:54:18,282 - src.predict - INFO - Starting prediction pipeline...
2026-02-10 20:54:18,412 - src.predict - INFO - â Model loaded from src/rain_model.pkl
2026-02-10 20:54:18,574 - src.predict - INFO - â Prediction: RAIN â
2026-02-10 20:54:18,576 - src.predict - INFO -    Probability: 92.29%
2026-02-10 20:54:18,577 - src.predict - INFO -    Confidence: 92.29% (HIGH)
2026-02-10 20:56:37,433 - __main__ - INFO - Starting data collection...
2026-02-10 20:56:39,109 - __main__ - INFO - Data collected successfully - Temp: 23.23°C, Humidity: 94%, Rain: 7.09mm
2026-02-10 20:59:27,047 - __main__ - INFO - Starting data collection...
2026-02-10 20:59:28,083 - __main__ - INFO - Data collected successfully - Temp: 23.23°C, Humidity: 94%, Rain: 7.09mm
2026-02-10 21:06:39,110 - __main__ - INFO - Starting data collection...
2026-02-10 21:06:40,480 - __main__ - INFO - Data collected successfully - Temp: 23.23°C, Humidity: 94%, Rain: 5.62mm
2026-02-10 21:09:28,084 - __main__ - INFO - Starting data collection...
2026-02-10 21:09:32,085 - __main__ - INFO - Data collected successfully - Temp: 23.23°C, Humidity: 94%, Rain: 5.62mm
2026-02-10 21:16:40,481 - __main__ - INFO - Starting data collection...
2026-02-10 21:16:41,400 - __main__ - INFO - Data collected successfully - Temp: 23.23°C, Humidity: 94%, Rain: 6.48mm
2026-02-10 21:19:32,086 - __main__ - INFO - Starting data collection...
2026-02-10 21:19:33,159 - __main__ - INFO - Data collected successfully - Temp: 23.23°C, Humidity: 94%, Rain: 6.48mm
2026-02-10 21:26:41,401 - __main__ - INFO - Starting data collection...
2026-02-10 21:26:42,596 - __main__ - INFO - Data collected successfully - Temp: 23.23°C, Humidity: 94%, Rain: 4.21mm
2026-02-10 21:29:33,160 - __main__ - INFO - Starting data collection...
2026-02-10 21:29:35,970 - __main__ - INFO - Data collected successfully - Temp: 23.23°C, Humidity: 94%, Rain: 4.21mm
2026-02-10 21:36:42,597 - __main__ - INFO - Starting data collection...
2026-02-10 21:36:44,636 - __main__ - INFO - Data collected successfully - Temp: 23.23°C, Humidity: 94%, Rain: 4.21mm
2026-02-10 21:39:35,971 - __main__ - INFO - Starting data collection...
2026-02-10 21:39:45,842 - __main__ - INFO - Data collected successfully - Temp: 23.23°C, Humidity: 94%, Rain: 3.16mm
2026-02-10 21:46:44,638 - __main__ - INFO - Starting data collection...
2026-02-10 21:46:47,832 - __main__ - INFO - Data collected successfully - Temp: 23.23°C, Humidity: 94%, Rain: 3.16mm
2026-02-10 21:49:45,843 - __main__ - INFO - Starting data collection...
2026-02-10 21:49:49,122 - __main__ - INFO - Data collected successfully - Temp: 23.23°C, Humidity: 94%, Rain: 1.78mm
2026-02-10 21:56:47,834 - __main__ - INFO - Starting data collection...
2026-02-10 21:56:50,060 - __main__ - INFO - Data collected successfully - Temp: 23.23°C, Humidity: 94%, Rain: 1.78mm
2026-02-10 21:59:49,124 - __main__ - INFO - Starting data collection...
2026-02-10 22:00:05,875 - __main__ - ERROR - API request timeout (attempt 1/3)
2026-02-10 22:00:12,136 - __main__ - INFO - Data collected successfully - Temp: 23.23°C, Humidity: 94%, Rain: 1.15mm
2026-02-10 22:00:14,094 - src.predict - INFO - Starting prediction pipeline...
2026-02-10 22:00:14,245 - src.predict - INFO - â Model loaded from src/rain_model.pkl
2026-02-10 22:00:14,413 - src.predict - INFO - â Prediction: RAIN â
2026-02-10 22:00:14,413 - src.predict - INFO -    Probability: 92.29%
2026-02-10 22:00:14,414 - src.predict - INFO -    Confidence: 92.29% (HIGH)
2026-02-10 22:06:50,062 - __main__ - INFO - Starting data collection...
2026-02-10 22:06:53,535 - __main__ - INFO - Data collected successfully - Temp: 23.23°C, Humidity: 94%, Rain: 1.15mm
2026-02-10 22:10:12,138 - __main__ - INFO - Starting data collection...
2026-02-10 22:10:18,343 - __main__ - INFO - Data collected successfully - Temp: 27.39°C, Humidity: 76%, Rain: 1.54mm
2026-02-10 22:16:53,540 - __main__ - INFO - Starting data collection...
2026-02-10 22:16:57,035 - __main__ - INFO - Data collected successfully - Temp: 27.39°C, Humidity: 76%, Rain: 1.54mm
2026-02-10 22:20:18,345 - __main__ - INFO - Starting data collection...
2026-02-10 22:20:22,069 - __main__ - INFO - Data collected successfully - Temp: 23.23°C, Humidity: 94%, Rain: 1mm
2026-02-10 22:26:57,038 - __main__ - INFO - Starting data collection...
2026-02-10 22:27:09,827 - __main__ - ERROR - API request timeout (attempt 1/3)
2026-02-10 22:27:19,376 - __main__ - INFO - Data collected successfully - Temp: 23.23°C, Humidity: 94%, Rain: 1mm
2026-02-10 22:30:22,073 - __main__ - INFO - Starting data collection...
2026-02-10 22:30:27,089 - __main__ - INFO - Data collected successfully - Temp: 23.23°C, Humidity: 94%, Rain: 0.65mm
2026-02-10 22:37:19,379 - __main__ - INFO - Starting data collection...
2026-02-10 22:37:22,596 - __main__ - INFO - Data collected successfully - Temp: 23.23°C, Humidity: 94%, Rain: 0.65mm
2026-02-10 22:40:27,091 - __main__ - INFO - Starting data collection...
2026-02-10 22:40:31,030 - __main__ - INFO - Data collected successfully - Temp: 23.23°C, Humidity: 94%, Rain: 0.32mm
2026-02-10 22:47:22,597 - __main__ - INFO - Starting data collection...
2026-02-10 22:47:24,531 - __main__ - INFO - Data collected successfully - Temp: 23.23°C, Humidity: 94%, Rain: 0.32mm
2026-02-10 22:50:31,032 - __main__ - INFO - Starting data collection...
2026-02-10 22:50:35,445 - __main__ - INFO - Data collected successfully - Temp: 23.23°C, Humidity: 94%, Rain: 0mm
2026-02-10 22:57:24,533 - __main__ - INFO - Starting data collection...
2026-02-10 22:57:27,333 - __main__ - INFO - Data collected successfully - Temp: 23.23°C, Humidity: 94%, Rain: 0mm
2026-02-10 23:00:35,447 - __main__ - INFO - Starting data collection...
2026-02-10 23:00:40,026 - __main__ - INFO - Data collected successfully - Temp: 23.23°C, Humidity: 94%, Rain: 0.12mm
2026-02-10 23:07:27,333 - __main__ - INFO - Starting data collection...
2026-02-10 23:07:28,297 - __main__ - INFO - Data collected successfully - Temp: 23.23°C, Humidity: 94%, Rain: 0.12mm
2026-02-10 23:10:40,027 - __main__ - INFO - Starting data collection...
2026-02-10 23:10:41,752 - __main__ - INFO - Data collected successfully - Temp: 27.41°C, Humidity: 75%, Rain: 0mm
2026-02-10 23:17:28,298 - __main__ - INFO - Starting data collection...
2026-02-10 23:17:29,308 - __main__ - INFO - Data collected successfully - Temp: 27.41°C, Humidity: 75%, Rain: 0mm
2026-02-10 23:20:41,753 - __main__ - INFO - Starting data collection...
2026-02-10 23:20:43,986 - __main__ - INFO - Data collected successfully - Temp: 24.23°C, Humidity: 88%, Rain: 0mm
2026-02-10 23:27:29,310 - __main__ - INFO - Starting data collection...
2026-02-10 23:27:30,234 - __main__ - INFO - Data collected successfully - Temp: 24.23°C, Humidity: 88%, Rain: 0mm
2026-02-10 23:30:43,987 - __main__ - INFO - Starting data collection...
2026-02-10 23:30:45,130 - __main__ - INFO - Data collected successfully - Temp: 24.23°C, Humidity: 88%, Rain: 0mm
2026-02-10 23:37:30,234 - __main__ - INFO - Starting data collection...
2026-02-10 23:37:32,937 - __main__ - INFO - Data collected successfully - Temp: 24.23°C, Humidity: 88%, Rain: 0mm
2026-02-10 23:40:45,131 - __main__ - INFO - Starting data collection...
2026-02-10 23:40:46,756 - __main__ - INFO - Data collected successfully - Temp: 24.23°C, Humidity: 88%, Rain: 0mm
2026-02-10 23:47:32,939 - __main__ - INFO - Starting data collection...
2026-02-10 23:47:36,014 - __main__ - INFO - Data collected successfully - Temp: 24.23°C, Humidity: 88%, Rain: 0mm
2026-02-10 23:50:24,116 - src.predict - INFO - Starting prediction pipeline...
2026-02-10 23:50:24,252 - src.predict - INFO - â Model loaded from src/rain_model.pkl
2026-02-10 23:50:24,544 - src.predict - INFO - â Prediction: RAIN â
2026-02-10 23:50:24,544 - src.predict - INFO -    Probability: 92.29%
2026-02-10 23:50:24,545 - src.predict - INFO -    Confidence: 92.29% (HIGH)
2026-02-10 23:50:27,031 - src.predict - INFO - Starting prediction pipeline...
2026-02-10 23:50:27,169 - src.predict - INFO - â Model loaded from src/rain_model.pkl
2026-02-10 23:50:27,361 - src.predict - INFO - â Prediction: RAIN â
2026-02-10 23:50:27,361 - src.predict - INFO -    Probability: 92.29%
2026-02-10 23:50:27,362 - src.predict - INFO -    Confidence: 92.29% (HIGH)
2026-02-10 23:50:29,447 - src.predict - INFO - Starting prediction pipeline...
2026-02-10 23:50:29,560 - src.predict - INFO - â Model loaded from src/rain_model.pkl
2026-02-10 23:50:29,759 - src.predict - INFO - â Prediction: RAIN â
2026-02-10 23:50:29,759 - src.predict - INFO -    Probability: 92.29%
2026-02-10 23:50:29,759 - src.predict - INFO -    Confidence: 92.29% (HIGH)
2026-02-10 23:50:33,347 - src.predict - INFO - Starting prediction pipeline...
2026-02-10 23:50:33,450 - src.predict - INFO - â Model loaded from src/rain_model.pkl
2026-02-10 23:50:33,625 - src.predict - INFO - â Prediction: RAIN â
2026-02-10 23:50:33,625 - src.predict - INFO -    Probability: 92.29%
2026-02-10 23:50:33,625 - src.predict - INFO -    Confidence: 92.29% (HIGH)
2026-02-10 23:50:39,075 - src.predict - INFO - Starting prediction pipeline...
2026-02-10 23:50:39,175 - src.predict - INFO - â Model loaded from src/rain_model.pkl
2026-02-10 23:50:39,352 - src.predict - INFO - â Prediction: RAIN â
2026-02-10 23:50:39,353 - src.predict - INFO -    Probability: 92.29%
2026-02-10 23:50:39,353 - src.predict - INFO -    Confidence: 92.29% (HIGH)
2026-02-10 23:50:46,758 - __main__ - INFO - Starting data collection...
2026-02-10 23:50:49,662 - __main__ - INFO - Data collected successfully - Temp: 24.23°C, Humidity: 88%, Rain: 0mm
2026-02-10 23:53:07,465 - __main__ - INFO - Starting data preprocessing...
2026-02-10 23:53:07,481 - __main__ - INFO - Loaded 218 rows from data/raw/weather_accra.csv
2026-02-10 23:53:07,481 - __main__ - INFO - Raw data shape: (218, 11)
2026-02-10 23:53:07,702 - __main__ - INFO - Created target variable. Rain samples: 54, No rain samples: 164
2026-02-10 23:53:07,731 - __main__ - INFO - Selected 29 features for modeling
2026-02-10 23:53:07,732 - __main__ - INFO - Processed data shape: (218, 30)
2026-02-10 23:53:07,741 - __main__ - INFO - Saved processed data to data/processed/weather_features.csv
2026-02-10 23:54:09,029 - __main__ - INFO - ============================================================
2026-02-10 23:54:09,030 - __main__ - INFO - Starting model training pipeline
2026-02-10 23:54:09,030 - __main__ - INFO - ============================================================
2026-02-10 23:54:09,034 - __main__ - INFO - Loaded processed data: (218, 30)
2026-02-10 23:54:09,036 - __main__ - INFO - Features: 29, Target distribution: {0: 164, 1: 54}
2026-02-10 23:54:09,046 - __main__ - INFO - Train set: (174, 29), Test set: (44, 29)
2026-02-10 23:54:09,046 - __main__ - INFO - Train rain samples: 43, No rain: 131
2026-02-10 23:54:09,046 - __main__ - INFO - Training Random Forest model...
2026-02-10 23:54:09,047 - __main__ - INFO - Model parameters: {'n_estimators': 300, 'max_depth': 15, 'min_samples_split': 5, 'min_samples_leaf': 2, 'random_state': 42, 'n_jobs': -1, 'class_weight': 'balanced'}
2026-02-10 23:54:09,523 - __main__ - INFO - â Model training complete
2026-02-10 23:54:09,523 - __main__ - INFO - Evaluating model performance...
2026-02-10 23:54:12,374 - __main__ - INFO - Cross-validation F1 scores: [0.875      0.8        0.94117647 0.94117647 0.93333333]
2026-02-10 23:54:12,461 - __main__ - INFO - 
              precision    recall  f1-score   support

     No Rain       1.00      0.97      0.98        33
        Rain       0.92      1.00      0.96        11

    accuracy                           0.98        44
   macro avg       0.96      0.98      0.97        44
weighted avg       0.98      0.98      0.98        44

2026-02-10 23:54:12,461 - __main__ - INFO - â Test Accuracy: 0.9773
2026-02-10 23:54:12,461 - __main__ - INFO - â Test F1-Score: 0.9565
2026-02-10 23:54:12,462 - __main__ - INFO - â ROC-AUC: 1.0000
2026-02-10 23:54:12,462 - __main__ - INFO - â Recall (Sensitivity): 1.0000
2026-02-10 23:54:12,462 - __main__ - INFO - â Precision: 0.9167
2026-02-10 23:54:12,555 - __main__ - INFO - â Model saved to src/rain_model.pkl
2026-02-10 23:54:12,556 - __main__ - INFO - â Metrics saved to src/model_metrics.json
2026-02-10 23:54:13,286 - __main__ - INFO - â Feature importance plot saved to src/feature_importance.png
2026-02-10 23:54:13,287 - __main__ - INFO - ============================================================
2026-02-10 23:54:13,287 - __main__ - INFO - â Training pipeline complete!
2026-02-10 23:54:13,287 - __main__ - INFO - ============================================================
2026-02-10 23:55:14,981 - src.predict - INFO - Starting prediction pipeline...
2026-02-10 23:55:16,691 - src.predict - INFO - â Model loaded from src/rain_model.pkl
2026-02-10 23:55:16,857 - src.predict - INFO - â Prediction: NO RAIN âï¸
2026-02-10 23:55:16,857 - src.predict - INFO -    Probability: 22.16%
2026-02-10 23:55:16,858 - src.predict - INFO -    Confidence: 77.84% (HIGH)
2026-02-10 23:56:55,532 - src.predict - INFO - Starting prediction pipeline...
2026-02-10 23:56:55,652 - src.predict - INFO - â Model loaded from src/rain_model.pkl
2026-02-10 23:56:55,826 - src.predict - INFO - â Prediction: NO RAIN âï¸
2026-02-10 23:56:55,826 - src.predict - INFO -    Probability: 22.16%
2026-02-10 23:56:55,827 - src.predict - INFO -    Confidence: 77.84% (HIGH)
2026-02-10 23:57:36,015 - __main__ - INFO - Starting data collection...
2026-02-10 23:57:40,072 - __main__ - INFO - Data collected successfully - Temp: 24.23°C, Humidity: 88%, Rain: 0mm
2026-02-11 00:00:49,663 - __main__ - INFO - Starting data collection...
2026-02-11 00:00:55,490 - __main__ - INFO - Data collected successfully - Temp: 24.23°C, Humidity: 88%, Rain: 0mm
